app/build/intermediates/manifest_merge_blame_file/debug/manifest-merger-blame-debug-report.txt
1<?xml version="1.0" encoding="utf-8"?>
2<manifest xmlns:android="http://schemas.android.com/apk/res/android"
3    package="com.mobil.bizden"
4    android:versionCode="1"
5    android:versionName="1.0" >
6
7    <uses-sdk
8        android:minSdkVersion="28"
8-->src\main\AndroidManifest.xml
9        android:targetSdkVersion="33" />
9-->src\main\AndroidManifest.xml
10
11    <uses-permission android:name="android.permission.ACCESS_NETWORK_STATE" />
11-->[com.firebaseui:firebase-ui-auth:7.2.0] AndroidManifest.xml:12:5-79
11-->[com.firebaseui:firebase-ui-auth:7.2.0] AndroidManifest.xml:12:22-76
12    <uses-permission android:name="android.permission.INTERNET" />
12-->[com.firebaseui:firebase-ui-auth:7.2.0] AndroidManifest.xml:13:5-67
12-->[com.firebaseui:firebase-ui-auth:7.2.0] AndroidManifest.xml:13:22-64
13    <uses-permission android:name="android.permission.POST_NOTIFICATIONS" />
13-->[com.google.firebase:firebase-messaging:23.1.2] AndroidManifest.xml:25:5-77
13-->[com.google.firebase:firebase-messaging:23.1.2] AndroidManifest.xml:25:22-74
14    <uses-permission android:name="android.permission.WAKE_LOCK" /> <!-- Required by older versions of Google Play services to create IID tokens -->
14-->[com.google.firebase:firebase-messaging:23.1.2] AndroidManifest.xml:26:5-68
14-->[com.google.firebase:firebase-messaging:23.1.2] AndroidManifest.xml:26:22-65
15    <uses-permission android:name="com.google.android.c2dm.permission.RECEIVE" />
15-->[com.google.firebase:firebase-messaging:23.1.2] AndroidManifest.xml:28:5-82
15-->[com.google.firebase:firebase-messaging:23.1.2] AndroidManifest.xml:28:22-79
16
17    <uses-feature
17-->[com.google.android.gms:play-services-maps:18.1.0] AndroidManifest.xml:26:5-28:35
18        android:glEsVersion="0x00020000"
18-->[com.google.android.gms:play-services-maps:18.1.0] AndroidManifest.xml:27:9-41
19        android:required="true" />
19-->[com.google.android.gms:play-services-maps:18.1.0] AndroidManifest.xml:28:9-32
20
21    <queries>
21-->[com.google.android.gms:play-services-maps:18.1.0] AndroidManifest.xml:30:5-34:15
22
23        <!-- Needs to be explicitly declared on Android R+ -->
24        <package android:name="com.google.android.apps.maps" />
24-->[com.google.android.gms:play-services-maps:18.1.0] AndroidManifest.xml:33:9-64
24-->[com.google.android.gms:play-services-maps:18.1.0] AndroidManifest.xml:33:18-61
25    </queries>
26
27    <uses-permission android:name="com.google.android.finsky.permission.BIND_GET_INSTALL_REFERRER_SERVICE" />
27-->[com.google.android.gms:play-services-measurement:21.3.0] AndroidManifest.xml:26:5-110
27-->[com.google.android.gms:play-services-measurement:21.3.0] AndroidManifest.xml:26:22-107
28    <uses-permission android:name="com.google.android.gms.permission.AD_ID" />
28-->[com.google.android.gms:play-services-measurement-api:21.3.0] AndroidManifest.xml:25:5-79
28-->[com.google.android.gms:play-services-measurement-api:21.3.0] AndroidManifest.xml:25:22-76
29
30    <permission
30-->[androidx.core:core:1.9.0] AndroidManifest.xml:22:5-24:47
31        android:name="com.mobil.bizden.DYNAMIC_RECEIVER_NOT_EXPORTED_PERMISSION"
31-->[androidx.core:core:1.9.0] AndroidManifest.xml:23:9-81
32        android:protectionLevel="signature" />
32-->[androidx.core:core:1.9.0] AndroidManifest.xml:24:9-44
33
34    <uses-permission android:name="com.mobil.bizden.DYNAMIC_RECEIVER_NOT_EXPORTED_PERMISSION" />
34-->[androidx.core:core:1.9.0] AndroidManifest.xml:26:5-97
34-->[androidx.core:core:1.9.0] AndroidManifest.xml:26:22-94
35
36    <application
36-->src\main\AndroidManifest.xml:5:5-54:19
37        android:allowBackup="true"
37-->src\main\AndroidManifest.xml:6:9-35
38        android:appComponentFactory="androidx.core.app.CoreComponentFactory"
38-->[androidx.core:core:1.9.0] AndroidManifest.xml:28:18-86
39        android:dataExtractionRules="@xml/data_extraction_rules"
39-->src\main\AndroidManifest.xml:7:9-65
40        android:debuggable="true"
41        android:extractNativeLibs="false"
42        android:fullBackupContent="@xml/backup_rules"
42-->src\main\AndroidManifest.xml:8:9-54
43        android:icon="@mipmap/ic_launcher"
43-->src\main\AndroidManifest.xml:9:9-43
44        android:label="@string/app_name"
44-->src\main\AndroidManifest.xml:10:9-41
45        android:supportsRtl="true"
45-->src\main\AndroidManifest.xml:11:9-35
46        android:testOnly="true"
47        android:theme="@style/Theme.Bizden" >
47-->src\main\AndroidManifest.xml:12:9-44
48        <activity
48-->src\main\AndroidManifest.xml:14:9-16:40
49            android:name="com.mobil.bizden.ui.toplanma"
49-->src\main\AndroidManifest.xml:15:13-40
50            android:exported="false" />
50-->src\main\AndroidManifest.xml:16:13-37
51        <activity
51-->src\main\AndroidManifest.xml:17:9-19:40
52            android:name="com.mobil.bizden.ui.SMSVerification"
52-->src\main\AndroidManifest.xml:18:13-47
53            android:exported="false" />
53-->src\main\AndroidManifest.xml:19:13-37
54        <activity
54-->src\main\AndroidManifest.xml:20:9-22:40
55            android:name="com.mobil.bizden.ui.UserLocation"
55-->src\main\AndroidManifest.xml:21:13-44
56            android:exported="false" />
56-->src\main\AndroidManifest.xml:22:13-37
57        <activity
57-->src\main\AndroidManifest.xml:23:9-25:40
58            android:name="com.mobil.bizden.ui.FirstLogin"
58-->src\main\AndroidManifest.xml:24:13-42
59            android:exported="false" />
59-->src\main\AndroidManifest.xml:25:13-37
60        <activity
60-->src\main\AndroidManifest.xml:26:9-28:40
61            android:name="com.mobil.bizden.ui.PhoneVerify"
61-->src\main\AndroidManifest.xml:27:13-43
62            android:exported="false" />
62-->src\main\AndroidManifest.xml:28:13-37
63        <activity
63-->src\main\AndroidManifest.xml:29:9-31:40
64            android:name="com.mobil.bizden.ui.kod"
64-->src\main\AndroidManifest.xml:30:13-35
65            android:exported="false" />
65-->src\main\AndroidManifest.xml:31:13-37
66        <activity
66-->src\main\AndroidManifest.xml:32:9-34:40
67            android:name="com.mobil.bizden.ui.Identification"
67-->src\main\AndroidManifest.xml:33:13-46
68            android:exported="false" />
68-->src\main\AndroidManifest.xml:34:13-37
69        <activity
69-->src\main\AndroidManifest.xml:35:9-37:39
70            android:name="com.mobil.bizden.ui.Home"
70-->src\main\AndroidManifest.xml:36:13-36
71            android:exported="true" />
71-->src\main\AndroidManifest.xml:37:13-36
72        <activity
72-->src\main\AndroidManifest.xml:38:9-47:20
73            android:name="com.mobil.bizden.ui.MainActivity"
73-->src\main\AndroidManifest.xml:39:13-44
74            android:exported="true"
74-->src\main\AndroidManifest.xml:40:13-36
75            android:theme="@style/Theme.Bizden.NoActionBar" >
75-->src\main\AndroidManifest.xml:41:13-60
76            <intent-filter>
76-->src\main\AndroidManifest.xml:42:13-46:29
77                <action android:name="android.intent.action.MAIN" />
77-->src\main\AndroidManifest.xml:43:17-69
77-->src\main\AndroidManifest.xml:43:25-66
78
79                <category android:name="android.intent.category.LAUNCHER" />
79-->src\main\AndroidManifest.xml:45:17-77
79-->src\main\AndroidManifest.xml:45:27-74
80            </intent-filter>
81        </activity>
82        <activity
82-->src\main\AndroidManifest.xml:48:9-50:40
83            android:name="com.mobil.bizden.ui.Register"
83-->src\main\AndroidManifest.xml:49:13-40
84            android:exported="false" />
84-->src\main\AndroidManifest.xml:50:13-37
85        <activity
85-->src\main\AndroidManifest.xml:51:9-53:39
86            android:name="com.mobil.bizden.ui.Login"
86-->src\main\AndroidManifest.xml:52:13-37
87            android:exported="true" />
87-->src\main\AndroidManifest.xml:53:13-36
88
89        <meta-data
89-->[com.firebaseui:firebase-ui-auth:7.2.0] AndroidManifest.xml:16:9-18:69
90            android:name="com.google.android.gms.version"
90-->[com.firebaseui:firebase-ui-auth:7.2.0] AndroidManifest.xml:17:13-58
91            android:value="@integer/google_play_services_version" />
91-->[com.firebaseui:firebase-ui-auth:7.2.0] AndroidManifest.xml:18:13-66
92        <meta-data
92-->[com.firebaseui:firebase-ui-auth:7.2.0] AndroidManifest.xml:19:9-21:63
93            android:name="com.facebook.sdk.ApplicationId"
93-->[com.firebaseui:firebase-ui-auth:7.2.0] AndroidManifest.xml:20:13-58
94            android:value="@string/facebook_application_id" />
94-->[com.firebaseui:firebase-ui-auth:7.2.0] AndroidManifest.xml:21:13-60
95
96        <activity
96-->[com.firebaseui:firebase-ui-auth:7.2.0] AndroidManifest.xml:23:9-27:61
97            android:name="com.firebase.ui.auth.KickoffActivity"
97-->[com.firebaseui:firebase-ui-auth:7.2.0] AndroidManifest.xml:24:13-64
98            android:exported="false"
98-->[com.firebaseui:firebase-ui-auth:7.2.0] AndroidManifest.xml:25:13-37
99            android:label=""
99-->[com.firebaseui:firebase-ui-auth:7.2.0] AndroidManifest.xml:26:13-29
100            android:theme="@style/FirebaseUI.Transparent" />
100-->[com.firebaseui:firebase-ui-auth:7.2.0] AndroidManifest.xml:27:13-58
101        <activity
101-->[com.firebaseui:firebase-ui-auth:7.2.0] AndroidManifest.xml:28:9-32:61
102            android:name="com.firebase.ui.auth.ui.idp.SingleSignInActivity"
102-->[com.firebaseui:firebase-ui-auth:7.2.0] AndroidManifest.xml:29:13-76
103            android:exported="false"
103-->[com.firebaseui:firebase-ui-auth:7.2.0] AndroidManifest.xml:30:13-37
104            android:label=""
104-->[com.firebaseui:firebase-ui-auth:7.2.0] AndroidManifest.xml:31:13-29
105            android:theme="@style/FirebaseUI.Transparent" />
105-->[com.firebaseui:firebase-ui-auth:7.2.0] AndroidManifest.xml:32:13-58
106        <activity
106-->[com.firebaseui:firebase-ui-auth:7.2.0] AndroidManifest.xml:33:9-37:61
107            android:name="com.firebase.ui.auth.ui.credentials.CredentialSaveActivity"
107-->[com.firebaseui:firebase-ui-auth:7.2.0] AndroidManifest.xml:34:13-86
108            android:exported="false"
108-->[com.firebaseui:firebase-ui-auth:7.2.0] AndroidManifest.xml:35:13-37
109            android:label=""
109-->[com.firebaseui:firebase-ui-auth:7.2.0] AndroidManifest.xml:36:13-29
110            android:theme="@style/FirebaseUI.Transparent" />
110-->[com.firebaseui:firebase-ui-auth:7.2.0] AndroidManifest.xml:37:13-58
111        <activity
111-->[com.firebaseui:firebase-ui-auth:7.2.0] AndroidManifest.xml:38:9-42:58
112            android:name="com.firebase.ui.auth.ui.email.RecoverPasswordActivity"
112-->[com.firebaseui:firebase-ui-auth:7.2.0] AndroidManifest.xml:39:13-81
113            android:exported="false"
113-->[com.firebaseui:firebase-ui-auth:7.2.0] AndroidManifest.xml:40:13-37
114            android:label="@string/fui_title_recover_password_activity"
114-->[com.firebaseui:firebase-ui-auth:7.2.0] AndroidManifest.xml:41:13-72
115            android:windowSoftInputMode="adjustResize" />
115-->[com.firebaseui:firebase-ui-auth:7.2.0] AndroidManifest.xml:42:13-55
116        <activity
116-->[com.firebaseui:firebase-ui-auth:7.2.0] AndroidManifest.xml:43:9-47:58
117            android:name="com.firebase.ui.auth.ui.email.EmailActivity"
117-->[com.firebaseui:firebase-ui-auth:7.2.0] AndroidManifest.xml:44:13-71
118            android:exported="false"
118-->[com.firebaseui:firebase-ui-auth:7.2.0] AndroidManifest.xml:45:13-37
119            android:label="@string/fui_sign_in_default"
119-->[com.firebaseui:firebase-ui-auth:7.2.0] AndroidManifest.xml:46:13-56
120            android:windowSoftInputMode="adjustResize" />
120-->[com.firebaseui:firebase-ui-auth:7.2.0] AndroidManifest.xml:47:13-55
121        <activity
121-->[com.firebaseui:firebase-ui-auth:7.2.0] AndroidManifest.xml:48:9-52:77
122            android:name="com.firebase.ui.auth.ui.phone.PhoneActivity"
122-->[com.firebaseui:firebase-ui-auth:7.2.0] AndroidManifest.xml:49:13-71
123            android:exported="false"
123-->[com.firebaseui:firebase-ui-auth:7.2.0] AndroidManifest.xml:50:13-37
124            android:label="@string/fui_sign_in_with_phone_number"
124-->[com.firebaseui:firebase-ui-auth:7.2.0] AndroidManifest.xml:51:13-66
125            android:windowSoftInputMode="adjustResize|stateAlwaysVisible" />
125-->[com.firebaseui:firebase-ui-auth:7.2.0] AndroidManifest.xml:52:13-74
126        <activity
126-->[com.firebaseui:firebase-ui-auth:7.2.0] AndroidManifest.xml:53:9-57:58
127            android:name="com.firebase.ui.auth.ui.idp.WelcomeBackIdpPrompt"
127-->[com.firebaseui:firebase-ui-auth:7.2.0] AndroidManifest.xml:54:13-76
128            android:exported="false"
128-->[com.firebaseui:firebase-ui-auth:7.2.0] AndroidManifest.xml:55:13-37
129            android:label="@string/fui_title_welcome_back_idp_prompt"
129-->[com.firebaseui:firebase-ui-auth:7.2.0] AndroidManifest.xml:56:13-70
130            android:windowSoftInputMode="adjustResize" />
130-->[com.firebaseui:firebase-ui-auth:7.2.0] AndroidManifest.xml:57:13-55
131        <activity
131-->[com.firebaseui:firebase-ui-auth:7.2.0] AndroidManifest.xml:58:9-62:58
132            android:name="com.firebase.ui.auth.ui.email.WelcomeBackPasswordPrompt"
132-->[com.firebaseui:firebase-ui-auth:7.2.0] AndroidManifest.xml:59:13-83
133            android:exported="false"
133-->[com.firebaseui:firebase-ui-auth:7.2.0] AndroidManifest.xml:60:13-37
134            android:label="@string/fui_title_welcome_back_password_prompt"
134-->[com.firebaseui:firebase-ui-auth:7.2.0] AndroidManifest.xml:61:13-75
135            android:windowSoftInputMode="adjustResize" />
135-->[com.firebaseui:firebase-ui-auth:7.2.0] AndroidManifest.xml:62:13-55
136        <activity
136-->[com.firebaseui:firebase-ui-auth:7.2.0] AndroidManifest.xml:63:9-67:58
137            android:name="com.firebase.ui.auth.ui.email.WelcomeBackEmailLinkPrompt"
137-->[com.firebaseui:firebase-ui-auth:7.2.0] AndroidManifest.xml:64:13-84
138            android:exported="false"
138-->[com.firebaseui:firebase-ui-auth:7.2.0] AndroidManifest.xml:65:13-37
139            android:label="@string/fui_title_welcome_back_password_prompt"
139-->[com.firebaseui:firebase-ui-auth:7.2.0] AndroidManifest.xml:66:13-75
140            android:windowSoftInputMode="adjustResize" />
140-->[com.firebaseui:firebase-ui-auth:7.2.0] AndroidManifest.xml:67:13-55
141        <activity
141-->[com.firebaseui:firebase-ui-auth:7.2.0] AndroidManifest.xml:68:9-73:58
142            android:name="com.firebase.ui.auth.ui.email.EmailLinkCatcherActivity"
142-->[com.firebaseui:firebase-ui-auth:7.2.0] AndroidManifest.xml:69:13-82
143            android:exported="false"
143-->[com.firebaseui:firebase-ui-auth:7.2.0] AndroidManifest.xml:70:13-37
144            android:label=""
144-->[com.firebaseui:firebase-ui-auth:7.2.0] AndroidManifest.xml:71:13-29
145            android:theme="@style/FirebaseUI.Transparent"
145-->[com.firebaseui:firebase-ui-auth:7.2.0] AndroidManifest.xml:72:13-58
146            android:windowSoftInputMode="adjustResize" />
146-->[com.firebaseui:firebase-ui-auth:7.2.0] AndroidManifest.xml:73:13-55
147        <activity
147-->[com.firebaseui:firebase-ui-auth:7.2.0] AndroidManifest.xml:74:9-78:58
148            android:name="com.firebase.ui.auth.ui.email.EmailLinkErrorRecoveryActivity"
148-->[com.firebaseui:firebase-ui-auth:7.2.0] AndroidManifest.xml:75:13-88
149            android:exported="false"
149-->[com.firebaseui:firebase-ui-auth:7.2.0] AndroidManifest.xml:76:13-37
150            android:label="@string/fui_sign_in_default"
150-->[com.firebaseui:firebase-ui-auth:7.2.0] AndroidManifest.xml:77:13-56
151            android:windowSoftInputMode="adjustResize" />
151-->[com.firebaseui:firebase-ui-auth:7.2.0] AndroidManifest.xml:78:13-55
152        <activity
152-->[com.firebaseui:firebase-ui-auth:7.2.0] AndroidManifest.xml:79:9-82:65
153            android:name="com.firebase.ui.auth.ui.idp.AuthMethodPickerActivity"
153-->[com.firebaseui:firebase-ui-auth:7.2.0] AndroidManifest.xml:80:13-80
154            android:exported="false"
154-->[com.firebaseui:firebase-ui-auth:7.2.0] AndroidManifest.xml:81:13-37
155            android:label="@string/fui_default_toolbar_title" />
155-->[com.firebaseui:firebase-ui-auth:7.2.0] AndroidManifest.xml:82:13-62
156        <activity
156-->[com.firebaseui:firebase-ui-auth:7.2.0] AndroidManifest.xml:83:9-87:48
157            android:name="com.facebook.FacebookActivity"
157-->[com.firebaseui:firebase-ui-auth:7.2.0] AndroidManifest.xml:84:13-57
158            android:configChanges="keyboard|keyboardHidden|screenLayout|screenSize|orientation"
158-->[com.firebaseui:firebase-ui-auth:7.2.0] AndroidManifest.xml:85:13-96
159            android:label="@string/app_name" />
159-->[com.firebaseui:firebase-ui-auth:7.2.0] AndroidManifest.xml:86:13-45
160        <activity
160-->[com.firebaseui:firebase-ui-auth:7.2.0] AndroidManifest.xml:88:9-100:20
161            android:name="com.facebook.CustomTabActivity"
161-->[com.firebaseui:firebase-ui-auth:7.2.0] AndroidManifest.xml:89:13-58
162            android:exported="true" >
162-->[com.firebaseui:firebase-ui-auth:7.2.0] AndroidManifest.xml:90:13-36
163            <intent-filter>
163-->[com.firebaseui:firebase-ui-auth:7.2.0] AndroidManifest.xml:92:13-99:29
164                <action android:name="android.intent.action.VIEW" />
164-->[com.firebaseui:firebase-ui-auth:7.2.0] AndroidManifest.xml:93:17-69
164-->[com.firebaseui:firebase-ui-auth:7.2.0] AndroidManifest.xml:93:25-66
165
166                <category android:name="android.intent.category.DEFAULT" />
166-->[com.firebaseui:firebase-ui-auth:7.2.0] AndroidManifest.xml:95:17-76
166-->[com.firebaseui:firebase-ui-auth:7.2.0] AndroidManifest.xml:95:27-73
167                <category android:name="android.intent.category.BROWSABLE" />
167-->[com.firebaseui:firebase-ui-auth:7.2.0] AndroidManifest.xml:96:17-78
167-->[com.firebaseui:firebase-ui-auth:7.2.0] AndroidManifest.xml:96:27-75
168
169                <data android:scheme="@string/facebook_login_protocol_scheme" />
169-->[com.firebaseui:firebase-ui-auth:7.2.0] AndroidManifest.xml:98:17-81
169-->[com.firebaseui:firebase-ui-auth:7.2.0] AndroidManifest.xml:98:23-78
170            </intent-filter>
171        </activity>
172
173        <provider
173-->[com.firebaseui:firebase-ui-auth:7.2.0] AndroidManifest.xml:102:9-106:38
174            android:name="com.firebase.ui.auth.data.client.AuthUiInitProvider"
174-->[com.firebaseui:firebase-ui-auth:7.2.0] AndroidManifest.xml:103:13-79
175            android:authorities="com.mobil.bizden.authuiinitprovider"
175-->[com.firebaseui:firebase-ui-auth:7.2.0] AndroidManifest.xml:104:13-70
176            android:exported="false"
176-->[com.firebaseui:firebase-ui-auth:7.2.0] AndroidManifest.xml:105:13-37
177            android:initOrder="90" />
177-->[com.firebaseui:firebase-ui-auth:7.2.0] AndroidManifest.xml:106:13-35
178
179        <service
179-->[com.google.firebase:firebase-firestore:24.6.1] AndroidManifest.xml:16:9-22:19
180            android:name="com.google.firebase.components.ComponentDiscoveryService"
180-->[com.google.firebase:firebase-firestore:24.6.1] AndroidManifest.xml:17:13-84
181            android:directBootAware="true"
181-->[com.google.firebase:firebase-common:20.3.2] AndroidManifest.xml:34:13-43
182            android:exported="false" >
182-->[com.google.firebase:firebase-firestore:24.6.1] AndroidManifest.xml:18:13-37
183            <meta-data
183-->[com.google.firebase:firebase-firestore:24.6.1] AndroidManifest.xml:19:13-21:85
184                android:name="com.google.firebase.components:com.google.firebase.firestore.FirestoreRegistrar"
184-->[com.google.firebase:firebase-firestore:24.6.1] AndroidManifest.xml:20:17-111
185                android:value="com.google.firebase.components.ComponentRegistrar" />
185-->[com.google.firebase:firebase-firestore:24.6.1] AndroidManifest.xml:21:17-82
186            <meta-data
186-->[com.google.firebase:firebase-messaging:23.1.2] AndroidManifest.xml:55:13-57:85
187                android:name="com.google.firebase.components:com.google.firebase.messaging.FirebaseMessagingRegistrar"
187-->[com.google.firebase:firebase-messaging:23.1.2] AndroidManifest.xml:56:17-119
188                android:value="com.google.firebase.components.ComponentRegistrar" />
188-->[com.google.firebase:firebase-messaging:23.1.2] AndroidManifest.xml:57:17-82
189            <meta-data
189-->[com.google.firebase:firebase-auth:22.0.0] AndroidManifest.xml:69:13-71:85
190                android:name="com.google.firebase.components:com.google.firebase.auth.FirebaseAuthRegistrar"
190-->[com.google.firebase:firebase-auth:22.0.0] AndroidManifest.xml:70:17-109
191                android:value="com.google.firebase.components.ComponentRegistrar" />
191-->[com.google.firebase:firebase-auth:22.0.0] AndroidManifest.xml:71:17-82
192            <meta-data
192-->[com.google.android.gms:play-services-measurement-api:21.3.0] AndroidManifest.xml:31:13-33:85
193                android:name="com.google.firebase.components:com.google.firebase.analytics.connector.internal.AnalyticsConnectorRegistrar"
193-->[com.google.android.gms:play-services-measurement-api:21.3.0] AndroidManifest.xml:32:17-139
194                android:value="com.google.firebase.components.ComponentRegistrar" />
194-->[com.google.android.gms:play-services-measurement-api:21.3.0] AndroidManifest.xml:33:17-82
195            <meta-data
195-->[com.google.firebase:firebase-datatransport:18.1.7] AndroidManifest.xml:27:13-29:85
196                android:name="com.google.firebase.components:com.google.firebase.datatransport.TransportRegistrar"
196-->[com.google.firebase:firebase-datatransport:18.1.7] AndroidManifest.xml:28:17-115
197                android:value="com.google.firebase.components.ComponentRegistrar" />
197-->[com.google.firebase:firebase-datatransport:18.1.7] AndroidManifest.xml:29:17-82
198            <meta-data
198-->[com.google.firebase:firebase-installations:17.1.3] AndroidManifest.xml:17:13-19:85
199                android:name="com.google.firebase.components:com.google.firebase.installations.FirebaseInstallationsRegistrar"
199-->[com.google.firebase:firebase-installations:17.1.3] AndroidManifest.xml:18:17-127
200                android:value="com.google.firebase.components.ComponentRegistrar" />
200-->[com.google.firebase:firebase-installations:17.1.3] AndroidManifest.xml:19:17-82
201        </service>
202
203        <receiver
203-->[com.google.firebase:firebase-messaging:23.1.2] AndroidManifest.xml:31:9-38:20
204            android:name="com.google.firebase.iid.FirebaseInstanceIdReceiver"
204-->[com.google.firebase:firebase-messaging:23.1.2] AndroidManifest.xml:32:13-78
205            android:exported="true"
205-->[com.google.firebase:firebase-messaging:23.1.2] AndroidManifest.xml:33:13-36
206            android:permission="com.google.android.c2dm.permission.SEND" >
206-->[com.google.firebase:firebase-messaging:23.1.2] AndroidManifest.xml:34:13-73
207            <intent-filter>
207-->[com.google.firebase:firebase-messaging:23.1.2] AndroidManifest.xml:35:13-37:29
208                <action android:name="com.google.android.c2dm.intent.RECEIVE" />
208-->[com.google.firebase:firebase-messaging:23.1.2] AndroidManifest.xml:36:17-81
208-->[com.google.firebase:firebase-messaging:23.1.2] AndroidManifest.xml:36:25-78
209            </intent-filter>
210        </receiver>
211        <!--
212             FirebaseMessagingService performs security checks at runtime,
213             but set to not exported to explicitly avoid allowing another app to call it.
214        -->
215        <service
215-->[com.google.firebase:firebase-messaging:23.1.2] AndroidManifest.xml:44:9-51:19
216            android:name="com.google.firebase.messaging.FirebaseMessagingService"
216-->[com.google.firebase:firebase-messaging:23.1.2] AndroidManifest.xml:45:13-82
217            android:directBootAware="true"
217-->[com.google.firebase:firebase-messaging:23.1.2] AndroidManifest.xml:46:13-43
218            android:exported="false" >
218-->[com.google.firebase:firebase-messaging:23.1.2] AndroidManifest.xml:47:13-37
219            <intent-filter android:priority="-500" >
219-->[com.google.firebase:firebase-messaging:23.1.2] AndroidManifest.xml:48:13-50:29
219-->[com.google.firebase:firebase-messaging:23.1.2] AndroidManifest.xml:48:28-51
220                <action android:name="com.google.firebase.MESSAGING_EVENT" />
220-->[com.google.firebase:firebase-messaging:23.1.2] AndroidManifest.xml:49:17-78
220-->[com.google.firebase:firebase-messaging:23.1.2] AndroidManifest.xml:49:25-75
221            </intent-filter>
222        </service> <!-- Needs to be explicitly declared on P+ -->
223        <uses-library
223-->[com.google.android.gms:play-services-maps:18.1.0] AndroidManifest.xml:39:9-41:40
224            android:name="org.apache.http.legacy"
224-->[com.google.android.gms:play-services-maps:18.1.0] AndroidManifest.xml:40:13-50
225            android:required="false" />
225-->[com.google.android.gms:play-services-maps:18.1.0] AndroidManifest.xml:41:13-37
226
227        <activity
227-->[com.google.firebase:firebase-auth:22.0.0] AndroidManifest.xml:29:9-46:20
228            android:name="com.google.firebase.auth.internal.GenericIdpActivity"
228-->[com.google.firebase:firebase-auth:22.0.0] AndroidManifest.xml:30:13-80
229            android:excludeFromRecents="true"
229-->[com.google.firebase:firebase-auth:22.0.0] AndroidManifest.xml:31:13-46
230            android:exported="true"
230-->[com.google.firebase:firebase-auth:22.0.0] AndroidManifest.xml:32:13-36
231            android:launchMode="singleTask"
231-->[com.google.firebase:firebase-auth:22.0.0] AndroidManifest.xml:33:13-44
232            android:theme="@android:style/Theme.Translucent.NoTitleBar" >
232-->[com.google.firebase:firebase-auth:22.0.0] AndroidManifest.xml:34:13-72
233            <intent-filter>
233-->[com.google.firebase:firebase-auth:22.0.0] AndroidManifest.xml:35:13-45:29
234                <action android:name="android.intent.action.VIEW" />
234-->[com.firebaseui:firebase-ui-auth:7.2.0] AndroidManifest.xml:93:17-69
234-->[com.firebaseui:firebase-ui-auth:7.2.0] AndroidManifest.xml:93:25-66
235
236                <category android:name="android.intent.category.DEFAULT" />
236-->[com.firebaseui:firebase-ui-auth:7.2.0] AndroidManifest.xml:95:17-76
236-->[com.firebaseui:firebase-ui-auth:7.2.0] AndroidManifest.xml:95:27-73
237                <category android:name="android.intent.category.BROWSABLE" />
237-->[com.firebaseui:firebase-ui-auth:7.2.0] AndroidManifest.xml:96:17-78
237-->[com.firebaseui:firebase-ui-auth:7.2.0] AndroidManifest.xml:96:27-75
238
239                <data
239-->[com.firebaseui:firebase-ui-auth:7.2.0] AndroidManifest.xml:98:17-81
240                    android:host="firebase.auth"
241                    android:path="/"
242                    android:scheme="genericidp" />
242-->[com.firebaseui:firebase-ui-auth:7.2.0] AndroidManifest.xml:98:23-78
243            </intent-filter>
244        </activity>
245        <activity
245-->[com.google.firebase:firebase-auth:22.0.0] AndroidManifest.xml:47:9-64:20
246            android:name="com.google.firebase.auth.internal.RecaptchaActivity"
246-->[com.google.firebase:firebase-auth:22.0.0] AndroidManifest.xml:48:13-79
247            android:excludeFromRecents="true"
247-->[com.google.firebase:firebase-auth:22.0.0] AndroidManifest.xml:49:13-46
248            android:exported="true"
248-->[com.google.firebase:firebase-auth:22.0.0] AndroidManifest.xml:50:13-36
249            android:launchMode="singleTask"
249-->[com.google.firebase:firebase-auth:22.0.0] AndroidManifest.xml:51:13-44
250            android:theme="@android:style/Theme.Translucent.NoTitleBar" >
250-->[com.google.firebase:firebase-auth:22.0.0] AndroidManifest.xml:52:13-72
251            <intent-filter>
251-->[com.google.firebase:firebase-auth:22.0.0] AndroidManifest.xml:53:13-63:29
252                <action android:name="android.intent.action.VIEW" />
252-->[com.firebaseui:firebase-ui-auth:7.2.0] AndroidManifest.xml:93:17-69
252-->[com.firebaseui:firebase-ui-auth:7.2.0] AndroidManifest.xml:93:25-66
253
254                <category android:name="android.intent.category.DEFAULT" />
254-->[com.firebaseui:firebase-ui-auth:7.2.0] AndroidManifest.xml:95:17-76
254-->[com.firebaseui:firebase-ui-auth:7.2.0] AndroidManifest.xml:95:27-73
255                <category android:name="android.intent.category.BROWSABLE" />
255-->[com.firebaseui:firebase-ui-auth:7.2.0] AndroidManifest.xml:96:17-78
255-->[com.firebaseui:firebase-ui-auth:7.2.0] AndroidManifest.xml:96:27-75
256
257                <data
257-->[com.firebaseui:firebase-ui-auth:7.2.0] AndroidManifest.xml:98:17-81
258                    android:host="firebase.auth"
259                    android:path="/"
260                    android:scheme="recaptcha" />
260-->[com.firebaseui:firebase-ui-auth:7.2.0] AndroidManifest.xml:98:23-78
261            </intent-filter>
262        </activity>
263        <activity
263-->[com.google.android.gms:play-services-auth:19.0.0] AndroidManifest.xml:23:9-27:75
264            android:name="com.google.android.gms.auth.api.signin.internal.SignInHubActivity"
264-->[com.google.android.gms:play-services-auth:19.0.0] AndroidManifest.xml:24:13-93
265            android:excludeFromRecents="true"
265-->[com.google.android.gms:play-services-auth:19.0.0] AndroidManifest.xml:25:13-46
266            android:exported="false"
266-->[com.google.android.gms:play-services-auth:19.0.0] AndroidManifest.xml:26:13-37
267            android:theme="@android:style/Theme.Translucent.NoTitleBar" />
267-->[com.google.android.gms:play-services-auth:19.0.0] AndroidManifest.xml:27:13-72
268        <!--
269            Service handling Google Sign-In user revocation. For apps that do not integrate with
270            Google Sign-In, this service will never be started.
271        -->
272        <service